{"timestamp":"2026-03-25T17:10:54.861296Z","level":"info","event":"Stats instance was created in PID 7 but accessed in PID 131. Re-initializing.","logger":"airflow.stats","filename":"stats.py","lineno":57}
{"timestamp":"2026-03-25T17:11:00.816459Z","level":"info","event":"DAG bundles loaded: dags-folder, example_dags","logger":"airflow.dag_processing.bundles.manager.DagBundlesManager","filename":"manager.py","lineno":179}
{"timestamp":"2026-03-25T17:11:00.825287Z","level":"info","event":"Filling up the DagBag from /opt/airflow/dags/orquestrador.py","logger":"airflow.models.dagbag.BundleDagBag","filename":"dagbag.py","lineno":593}
{"timestamp":"2026-03-25T17:11:01.798303Z","level":"info","event":"Task instance is in running state","logger":"task.stdout"}
{"timestamp":"2026-03-25T17:11:01.799554Z","level":"info","event":" Previous state of the Task instance: TaskInstanceState.QUEUED","logger":"task.stdout"}
{"timestamp":"2026-03-25T17:11:01.800051Z","level":"info","event":"Current task name:run_pipeline","logger":"task.stdout"}
{"timestamp":"2026-03-25T17:11:01.800570Z","level":"info","event":"Dag name:tfl","logger":"task.stdout"}
{"timestamp":"2026-03-25T17:11:01.975658Z","level":"info","event":"Starting docker container from image airflow_spark:1.4","logger":"airflow.task.operators.airflow.providers.docker.operators.docker.DockerOperator","filename":"docker.py","lineno":367}
{"timestamp":"2026-03-25T17:11:02.042425Z","level":"warning","event":"Using remote engine or docker-in-docker and mounting temporary volume from host is not supported. Falling back to `mount_tmp_dir=False` mode. You can set `mount_tmp_dir` parameter to False to disable mounting and remove the warning","logger":"airflow.task.operators.airflow.providers.docker.operators.docker.DockerOperator","filename":"docker.py","lineno":375}
{"timestamp":"2026-03-25T17:11:07.702772Z","level":"info","event":"WARNING: Using incubator modules: jdk.incubator.vector","logger":"airflow.task.operators.airflow.providers.docker.operators.docker.DockerOperator","filename":"docker.py","lineno":71}
{"timestamp":"2026-03-25T17:11:16.990538Z","level":"info","event":"Using Spark's default log4j profile: org/apache/spark/log4j2-defaults.properties","logger":"airflow.task.operators.airflow.providers.docker.operators.docker.DockerOperator","filename":"docker.py","lineno":71}
{"timestamp":"2026-03-25T17:11:16.990949Z","level":"info","event":"Setting default log level to \"WARN\".","logger":"airflow.task.operators.airflow.providers.docker.operators.docker.DockerOperator","filename":"docker.py","lineno":71}
{"timestamp":"2026-03-25T17:11:16.991072Z","level":"info","event":"To adjust logging level use sc.setLogLevel(newLevel). For SparkR, use setLogLevel(newLevel).","logger":"airflow.task.operators.airflow.providers.docker.operators.docker.DockerOperator","filename":"docker.py","lineno":71}
{"timestamp":"2026-03-25T17:11:18.644658Z","level":"info","event":"26/03/25 17:11:18 WARN NativeCodeLoader: Unable to load native-hadoop library for your platform... using builtin-java classes where applicable","logger":"airflow.task.operators.airflow.providers.docker.operators.docker.DockerOperator","filename":"docker.py","lineno":71}
{"timestamp":"2026-03-25T17:11:43.024805Z","level":"info","event":"2026-03-25 17:11:43,011 - EXTRACT - INFO - Iniciando extracao de dados","logger":"airflow.task.operators.airflow.providers.docker.operators.docker.DockerOperator","filename":"docker.py","lineno":71}
{"timestamp":"2026-03-25T17:11:43.025649Z","level":"info","event":"2026-03-25 17:11:43,015 - EXTRACT - INFO - Iniciando extração BikePoint","logger":"airflow.task.operators.airflow.providers.docker.operators.docker.DockerOperator","filename":"docker.py","lineno":71}
{"timestamp":"2026-03-25T17:11:46.553878Z","level":"info","event":"2026-03-25 17:11:46,549 - EXTRACT - INFO - 801 registros salvos em data/raw/bikepoint/bikepoint_20260325_171143.json","logger":"airflow.task.operators.airflow.providers.docker.operators.docker.DockerOperator","filename":"docker.py","lineno":71}
{"timestamp":"2026-03-25T17:11:46.554401Z","level":"info","event":"2026-03-25 17:11:46,551 - EXTRACT - INFO - Finalizando processo de extracao de dados da api de bikepoint","logger":"airflow.task.operators.airflow.providers.docker.operators.docker.DockerOperator","filename":"docker.py","lineno":71}
{"timestamp":"2026-03-25T17:11:46.554649Z","level":"info","event":"2026-03-25 17:11:46,551 - EXTRACT - INFO - Iniciando extracao de status da linha","logger":"airflow.task.operators.airflow.providers.docker.operators.docker.DockerOperator","filename":"docker.py","lineno":71}
{"timestamp":"2026-03-25T17:11:47.206644Z","level":"info","event":"2026-03-25 17:11:47,204 - EXTRACT - INFO - 11 registros salvos em data/raw/tubestatus/tubestatus_20260325_171146.json","logger":"airflow.task.operators.airflow.providers.docker.operators.docker.DockerOperator","filename":"docker.py","lineno":71}
{"timestamp":"2026-03-25T17:11:47.206854Z","level":"info","event":"2026-03-25 17:11:47,204 - EXTRACT - INFO - Finalizando extracao de status da linha","logger":"airflow.task.operators.airflow.providers.docker.operators.docker.DockerOperator","filename":"docker.py","lineno":71}
{"timestamp":"2026-03-25T17:11:47.207836Z","level":"info","event":"2026-03-25 17:11:47,205 - EXTRACT - INFO - Iniciando extracao chegada de: 490005183E","logger":"airflow.task.operators.airflow.providers.docker.operators.docker.DockerOperator","filename":"docker.py","lineno":71}
{"timestamp":"2026-03-25T17:11:48.177646Z","level":"info","event":"2026-03-25 17:11:48,174 - EXTRACT - INFO - 8 registros salvos em data/raw/arrivals/490005183E/arrivals_20260325_171147.json","logger":"airflow.task.operators.airflow.providers.docker.operators.docker.DockerOperator","filename":"docker.py","lineno":71}
{"timestamp":"2026-03-25T17:11:48.178024Z","level":"info","event":"2026-03-25 17:11:48,175 - EXTRACT - INFO - Finalizando extracao chegada de: 490005183E","logger":"airflow.task.operators.airflow.providers.docker.operators.docker.DockerOperator","filename":"docker.py","lineno":71}
{"timestamp":"2026-03-25T17:11:48.178156Z","level":"info","event":"2026-03-25 17:11:48,175 - EXTRACT - INFO - Iniciando extracao chegada de: 490008660N","logger":"airflow.task.operators.airflow.providers.docker.operators.docker.DockerOperator","filename":"docker.py","lineno":71}
{"timestamp":"2026-03-25T17:11:48.674521Z","level":"info","event":"2026-03-25 17:11:48,672 - EXTRACT - INFO - 5 registros salvos em data/raw/arrivals/490008660N/arrivals_20260325_171148.json","logger":"airflow.task.operators.airflow.providers.docker.operators.docker.DockerOperator","filename":"docker.py","lineno":71}
{"timestamp":"2026-03-25T17:11:48.674780Z","level":"info","event":"2026-03-25 17:11:48,673 - EXTRACT - INFO - Finalizando extracao chegada de: 490008660N","logger":"airflow.task.operators.airflow.providers.docker.operators.docker.DockerOperator","filename":"docker.py","lineno":71}
{"timestamp":"2026-03-25T17:11:48.674959Z","level":"info","event":"2026-03-25 17:11:48,673 - EXTRACT - INFO - Iniciando extracao chegada de: 490013767D","logger":"airflow.task.operators.airflow.providers.docker.operators.docker.DockerOperator","filename":"docker.py","lineno":71}
{"timestamp":"2026-03-25T17:11:50.078495Z","level":"info","event":"2026-03-25 17:11:50,076 - EXTRACT - INFO - 10 registros salvos em data/raw/arrivals/490013767D/arrivals_20260325_171148.json","logger":"airflow.task.operators.airflow.providers.docker.operators.docker.DockerOperator","filename":"docker.py","lineno":71}
{"timestamp":"2026-03-25T17:11:50.079079Z","level":"info","event":"2026-03-25 17:11:50,077 - EXTRACT - INFO - Finalizando extracao chegada de: 490013767D","logger":"airflow.task.operators.airflow.providers.docker.operators.docker.DockerOperator","filename":"docker.py","lineno":71}
{"timestamp":"2026-03-25T17:11:50.079208Z","level":"info","event":"2026-03-25 17:11:50,077 - EXTRACT - INFO - Iniciando extracao chegada de: 490000254S","logger":"airflow.task.operators.airflow.providers.docker.operators.docker.DockerOperator","filename":"docker.py","lineno":71}
{"timestamp":"2026-03-25T17:11:52.143129Z","level":"info","event":"2026-03-25 17:11:52,139 - EXTRACT - INFO - 0 registros salvos em data/raw/arrivals/490000254S/arrivals_20260325_171150.json","logger":"airflow.task.operators.airflow.providers.docker.operators.docker.DockerOperator","filename":"docker.py","lineno":71}
{"timestamp":"2026-03-25T17:11:52.147945Z","level":"info","event":"2026-03-25 17:11:52,140 - EXTRACT - INFO - Finalizando extracao chegada de: 490000254S","logger":"airflow.task.operators.airflow.providers.docker.operators.docker.DockerOperator","filename":"docker.py","lineno":71}
{"timestamp":"2026-03-25T17:11:52.148184Z","level":"info","event":"2026-03-25 17:11:52,140 - EXTRACT - INFO - Finalizando extracao de dados","logger":"airflow.task.operators.airflow.providers.docker.operators.docker.DockerOperator","filename":"docker.py","lineno":71}
{"timestamp":"2026-03-25T17:11:52.148245Z","level":"info","event":"2026-03-25 17:11:52,140 - TRANSFORM - INFO - Pipeline de transformação iniciado","logger":"airflow.task.operators.airflow.providers.docker.operators.docker.DockerOperator","filename":"docker.py","lineno":71}
{"timestamp":"2026-03-25T17:11:52.148312Z","level":"info","event":"2026-03-25 17:11:52,141 - TRANSFORM - INFO - Iniciando leitura de dados da pasta: data/raw/bikepoint","logger":"airflow.task.operators.airflow.providers.docker.operators.docker.DockerOperator","filename":"docker.py","lineno":71}
{"timestamp":"2026-03-25T17:11:52.165972Z","level":"info","event":"2026-03-25 17:11:52,162 - TRANSFORM - INFO - Arquivo detectado: data/raw/bikepoint/bikepoint_20260306_154204.json","logger":"airflow.task.operators.airflow.providers.docker.operators.docker.DockerOperator","filename":"docker.py","lineno":71}
{"timestamp":"2026-03-25T17:11:52.166345Z","level":"info","event":"2026-03-25 17:11:52,163 - TRANSFORM - INFO - Arquivo detectado: data/raw/bikepoint/bikepoint_20260318_195321.json","logger":"airflow.task.operators.airflow.providers.docker.operators.docker.DockerOperator","filename":"docker.py","lineno":71}
{"timestamp":"2026-03-25T17:11:52.166536Z","level":"info","event":"2026-03-25 17:11:52,163 - TRANSFORM - INFO - Arquivo detectado: data/raw/bikepoint/bikepoint_20260318_195415.json","logger":"airflow.task.operators.airflow.providers.docker.operators.docker.DockerOperator","filename":"docker.py","lineno":71}
{"timestamp":"2026-03-25T17:11:52.166644Z","level":"info","event":"2026-03-25 17:11:52,163 - TRANSFORM - INFO - Arquivo detectado: data/raw/bikepoint/bikepoint_20260323_185758.json","logger":"airflow.task.operators.airflow.providers.docker.operators.docker.DockerOperator","filename":"docker.py","lineno":71}
{"timestamp":"2026-03-25T17:11:52.166743Z","level":"info","event":"2026-03-25 17:11:52,163 - TRANSFORM - INFO - Arquivo detectado: data/raw/bikepoint/bikepoint_20260325_171143.json","logger":"airflow.task.operators.airflow.providers.docker.operators.docker.DockerOperator","filename":"docker.py","lineno":71}
{"timestamp":"2026-03-25T17:12:00.377086Z","level":"info","event":"\r[Stage 0:>                                                          (0 + 2) / 2]\r\r[Stage 0:=============================>                             (1 + 1) / 2]\r\r                                                                                \r2026-03-25 17:12:00,371 - TRANSFORM - INFO - Leitura concluída com sucesso: data/raw/bikepoint","logger":"airflow.task.operators.airflow.providers.docker.operators.docker.DockerOperator","filename":"docker.py","lineno":71}
{"timestamp":"2026-03-25T17:12:00.379509Z","level":"info","event":"2026-03-25 17:12:00,376 - TRANSFORM - INFO - Iniciando transformação: BIKEPOINT","logger":"airflow.task.operators.airflow.providers.docker.operators.docker.DockerOperator","filename":"docker.py","lineno":71}
{"timestamp":"2026-03-25T17:12:00.379715Z","level":"info","event":"2026-03-25 17:12:00,376 - TRANSFORM - INFO - Explodindo additionalProperties","logger":"airflow.task.operators.airflow.providers.docker.operators.docker.DockerOperator","filename":"docker.py","lineno":71}
{"timestamp":"2026-03-25T17:12:01.089876Z","level":"info","event":"2026-03-25 17:12:01,087 - TRANSFORM - INFO - Pivotando propriedades do BikePoint","logger":"airflow.task.operators.airflow.providers.docker.operators.docker.DockerOperator","filename":"docker.py","lineno":71}
{"timestamp":"2026-03-25T17:12:02.715440Z","level":"info","event":"2026-03-25 17:12:02,706 - TRANSFORM - INFO - Removendo registros com colunas obrigatórias nulas","logger":"airflow.task.operators.airflow.providers.docker.operators.docker.DockerOperator","filename":"docker.py","lineno":71}
{"timestamp":"2026-03-25T17:12:02.911889Z","level":"info","event":"2026-03-25 17:12:02,900 - TRANSFORM - INFO - Removendo duplicatas por id","logger":"airflow.task.operators.airflow.providers.docker.operators.docker.DockerOperator","filename":"docker.py","lineno":71}
{"timestamp":"2026-03-25T17:12:03.101042Z","level":"info","event":"2026-03-25 17:12:03,092 - TRANSFORM - INFO - Realizando cast de tipos numéricos","logger":"airflow.task.operators.airflow.providers.docker.operators.docker.DockerOperator","filename":"docker.py","lineno":71}
{"timestamp":"2026-03-25T17:12:05.075161Z","level":"info","event":"2026-03-25 17:12:05,073 - TRANSFORM - INFO - Aplicando validações de regra de negócio","logger":"airflow.task.operators.airflow.providers.docker.operators.docker.DockerOperator","filename":"docker.py","lineno":71}
{"timestamp":"2026-03-25T17:12:06.032943Z","level":"info","event":"2026-03-25 17:12:05,292 - TRANSFORM - INFO - Dimensão dim_station criada","logger":"airflow.task.operators.airflow.providers.docker.operators.docker.DockerOperator","filename":"docker.py","lineno":71}
{"timestamp":"2026-03-25T17:12:07.161733Z","level":"info","event":"2026-03-25 17:12:07,155 - TRANSFORM - INFO - Dimensão dim_time criada","logger":"airflow.task.operators.airflow.providers.docker.operators.docker.DockerOperator","filename":"docker.py","lineno":71}
{"timestamp":"2026-03-25T17:12:07.785790Z","level":"info","event":"2026-03-25 17:12:07,784 - TRANSFORM - INFO - Fato fact_bike_status criado","logger":"airflow.task.operators.airflow.providers.docker.operators.docker.DockerOperator","filename":"docker.py","lineno":71}
{"timestamp":"2026-03-25T17:12:07.786467Z","level":"info","event":"2026-03-25 17:12:07,784 - TRANSFORM - INFO - Transformação BIKEPOINT finalizada com sucesso","logger":"airflow.task.operators.airflow.providers.docker.operators.docker.DockerOperator","filename":"docker.py","lineno":71}
{"timestamp":"2026-03-25T17:12:07.787040Z","level":"info","event":"2026-03-25 17:12:07,784 - TRANSFORM - INFO - Iniciando leitura de dados da pasta: data/raw/tubestatus","logger":"airflow.task.operators.airflow.providers.docker.operators.docker.DockerOperator","filename":"docker.py","lineno":71}
{"timestamp":"2026-03-25T17:12:07.795616Z","level":"info","event":"2026-03-25 17:12:07,793 - TRANSFORM - INFO - Arquivo detectado: data/raw/tubestatus/tubestatus_20260306_154206.json","logger":"airflow.task.operators.airflow.providers.docker.operators.docker.DockerOperator","filename":"docker.py","lineno":71}
{"timestamp":"2026-03-25T17:12:07.795792Z","level":"info","event":"2026-03-25 17:12:07,793 - TRANSFORM - INFO - Arquivo detectado: data/raw/tubestatus/tubestatus_20260318_195324.json","logger":"airflow.task.operators.airflow.providers.docker.operators.docker.DockerOperator","filename":"docker.py","lineno":71}
{"timestamp":"2026-03-25T17:12:07.795845Z","level":"info","event":"2026-03-25 17:12:07,793 - TRANSFORM - INFO - Arquivo detectado: data/raw/tubestatus/tubestatus_20260318_195417.json","logger":"airflow.task.operators.airflow.providers.docker.operators.docker.DockerOperator","filename":"docker.py","lineno":71}
{"timestamp":"2026-03-25T17:12:07.798125Z","level":"info","event":"2026-03-25 17:12:07,793 - TRANSFORM - INFO - Arquivo detectado: data/raw/tubestatus/tubestatus_20260323_185759.json","logger":"airflow.task.operators.airflow.providers.docker.operators.docker.DockerOperator","filename":"docker.py","lineno":71}
{"timestamp":"2026-03-25T17:12:07.798264Z","level":"info","event":"2026-03-25 17:12:07,793 - TRANSFORM - INFO - Arquivo detectado: data/raw/tubestatus/tubestatus_20260325_171145.json","logger":"airflow.task.operators.airflow.providers.docker.operators.docker.DockerOperator","filename":"docker.py","lineno":71}
{"timestamp":"2026-03-25T17:12:07.798548Z","level":"info","event":"2026-03-25 17:12:07,793 - TRANSFORM - INFO - Arquivo detectado: data/raw/tubestatus/tubestatus_20260325_171146.json","logger":"airflow.task.operators.airflow.providers.docker.operators.docker.DockerOperator","filename":"docker.py","lineno":71}
{"timestamp":"2026-03-25T17:12:08.982973Z","level":"info","event":"\r[Stage 1:>                                                          (0 + 1) / 1]\r\r                                                                                \r2026-03-25 17:12:08,980 - TRANSFORM - INFO - Leitura concluída com sucesso: data/raw/tubestatus","logger":"airflow.task.operators.airflow.providers.docker.operators.docker.DockerOperator","filename":"docker.py","lineno":71}
{"timestamp":"2026-03-25T17:12:08.985848Z","level":"info","event":"2026-03-25 17:12:08,981 - TRANSFORM - INFO - Iniciando transformação: TUBESTATUS","logger":"airflow.task.operators.airflow.providers.docker.operators.docker.DockerOperator","filename":"docker.py","lineno":71}
{"timestamp":"2026-03-25T17:12:09.295436Z","level":"info","event":"2026-03-25 17:12:09,292 - TRANSFORM - INFO - Selecionadas colunas necessárias","logger":"airflow.task.operators.airflow.providers.docker.operators.docker.DockerOperator","filename":"docker.py","lineno":71}
{"timestamp":"2026-03-25T17:12:09.424688Z","level":"info","event":"2026-03-25 17:12:09,421 - TRANSFORM - INFO - Dimensão linha criada","logger":"airflow.task.operators.airflow.providers.docker.operators.docker.DockerOperator","filename":"docker.py","lineno":71}
{"timestamp":"2026-03-25T17:12:10.110313Z","level":"info","event":"2026-03-25 17:12:10,108 - TRANSFORM - INFO - Dimensão tempo criada","logger":"airflow.task.operators.airflow.providers.docker.operators.docker.DockerOperator","filename":"docker.py","lineno":71}
{"timestamp":"2026-03-25T17:12:10.447538Z","level":"info","event":"2026-03-25 17:12:10,440 - TRANSFORM - INFO - Fato fact_tube_status criada","logger":"airflow.task.operators.airflow.providers.docker.operators.docker.DockerOperator","filename":"docker.py","lineno":71}
{"timestamp":"2026-03-25T17:12:10.449893Z","level":"info","event":"2026-03-25 17:12:10,440 - TRANSFORM - INFO - Transformação TUBESTATUS finalizada","logger":"airflow.task.operators.airflow.providers.docker.operators.docker.DockerOperator","filename":"docker.py","lineno":71}
{"timestamp":"2026-03-25T17:12:10.452306Z","level":"info","event":"2026-03-25 17:12:10,440 - TRANSFORM - INFO - Iniciando leitura de dados da pasta: data/raw/arrivals","logger":"airflow.task.operators.airflow.providers.docker.operators.docker.DockerOperator","filename":"docker.py","lineno":71}
{"timestamp":"2026-03-25T17:12:10.606679Z","level":"info","event":"2026-03-25 17:12:10,593 - TRANSFORM - INFO - Arquivo detectado: data/raw/arrivals/490000254S/arrivals_20260306_154209.json","logger":"airflow.task.operators.airflow.providers.docker.operators.docker.DockerOperator","filename":"docker.py","lineno":71}
{"timestamp":"2026-03-25T17:12:10.662232Z","level":"info","event":"2026-03-25 17:12:10,593 - TRANSFORM - INFO - Arquivo detectado: data/raw/arrivals/490000254S/arrivals_20260318_195328.json","logger":"airflow.task.operators.airflow.providers.docker.operators.docker.DockerOperator","filename":"docker.py","lineno":71}
{"timestamp":"2026-03-25T17:12:10.662524Z","level":"info","event":"2026-03-25 17:12:10,594 - TRANSFORM - INFO - Arquivo detectado: data/raw/arrivals/490000254S/arrivals_20260318_195423.json","logger":"airflow.task.operators.airflow.providers.docker.operators.docker.DockerOperator","filename":"docker.py","lineno":71}
{"timestamp":"2026-03-25T17:12:10.662671Z","level":"info","event":"2026-03-25 17:12:10,594 - TRANSFORM - INFO - Arquivo detectado: data/raw/arrivals/490000254S/arrivals_20260323_185803.json","logger":"airflow.task.operators.airflow.providers.docker.operators.docker.DockerOperator","filename":"docker.py","lineno":71}
{"timestamp":"2026-03-25T17:12:10.662756Z","level":"info","event":"2026-03-25 17:12:10,594 - TRANSFORM - INFO - Arquivo detectado: data/raw/arrivals/490000254S/arrivals_20260325_171149.json","logger":"airflow.task.operators.airflow.providers.docker.operators.docker.DockerOperator","filename":"docker.py","lineno":71}
{"timestamp":"2026-03-25T17:12:10.662823Z","level":"info","event":"2026-03-25 17:12:10,594 - TRANSFORM - INFO - Arquivo detectado: data/raw/arrivals/490000254S/arrivals_20260325_171150.json","logger":"airflow.task.operators.airflow.providers.docker.operators.docker.DockerOperator","filename":"docker.py","lineno":71}
{"timestamp":"2026-03-25T17:12:10.662894Z","level":"info","event":"2026-03-25 17:12:10,594 - TRANSFORM - INFO - Arquivo detectado: data/raw/arrivals/490005183E/arrivals_20260306_154206.json","logger":"airflow.task.operators.airflow.providers.docker.operators.docker.DockerOperator","filename":"docker.py","lineno":71}
{"timestamp":"2026-03-25T17:12:10.662949Z","level":"info","event":"2026-03-25 17:12:10,595 - TRANSFORM - INFO - Arquivo detectado: data/raw/arrivals/490005183E/arrivals_20260318_195325.json","logger":"airflow.task.operators.airflow.providers.docker.operators.docker.DockerOperator","filename":"docker.py","lineno":71}
{"timestamp":"2026-03-25T17:12:10.663023Z","level":"info","event":"2026-03-25 17:12:10,595 - TRANSFORM - INFO - Arquivo detectado: data/raw/arrivals/490005183E/arrivals_20260318_195418.json","logger":"airflow.task.operators.airflow.providers.docker.operators.docker.DockerOperator","filename":"docker.py","lineno":71}
{"timestamp":"2026-03-25T17:12:10.663076Z","level":"info","event":"2026-03-25 17:12:10,596 - TRANSFORM - INFO - Arquivo detectado: data/raw/arrivals/490005183E/arrivals_20260323_185800.json","logger":"airflow.task.operators.airflow.providers.docker.operators.docker.DockerOperator","filename":"docker.py","lineno":71}
{"timestamp":"2026-03-25T17:12:10.663147Z","level":"info","event":"2026-03-25 17:12:10,596 - TRANSFORM - INFO - Arquivo detectado: data/raw/arrivals/490005183E/arrivals_20260325_171145.json","logger":"airflow.task.operators.airflow.providers.docker.operators.docker.DockerOperator","filename":"docker.py","lineno":71}
{"timestamp":"2026-03-25T17:12:10.663204Z","level":"info","event":"2026-03-25 17:12:10,596 - TRANSFORM - INFO - Arquivo detectado: data/raw/arrivals/490005183E/arrivals_20260325_171147.json","logger":"airflow.task.operators.airflow.providers.docker.operators.docker.DockerOperator","filename":"docker.py","lineno":71}
{"timestamp":"2026-03-25T17:12:10.663270Z","level":"info","event":"2026-03-25 17:12:10,596 - TRANSFORM - INFO - Arquivo detectado: data/raw/arrivals/490008660N/arrivals_20260306_154207.json","logger":"airflow.task.operators.airflow.providers.docker.operators.docker.DockerOperator","filename":"docker.py","lineno":71}
{"timestamp":"2026-03-25T17:12:10.663340Z","level":"info","event":"2026-03-25 17:12:10,596 - TRANSFORM - INFO - Arquivo detectado: data/raw/arrivals/490008660N/arrivals_20260318_195326.json","logger":"airflow.task.operators.airflow.providers.docker.operators.docker.DockerOperator","filename":"docker.py","lineno":71}
{"timestamp":"2026-03-25T17:12:10.663410Z","level":"info","event":"2026-03-25 17:12:10,596 - TRANSFORM - INFO - Arquivo detectado: data/raw/arrivals/490008660N/arrivals_20260318_195419.json","logger":"airflow.task.operators.airflow.providers.docker.operators.docker.DockerOperator","filename":"docker.py","lineno":71}
{"timestamp":"2026-03-25T17:12:10.663477Z","level":"info","event":"2026-03-25 17:12:10,596 - TRANSFORM - INFO - Arquivo detectado: data/raw/arrivals/490008660N/arrivals_20260323_185800.json","logger":"airflow.task.operators.airflow.providers.docker.operators.docker.DockerOperator","filename":"docker.py","lineno":71}
{"timestamp":"2026-03-25T17:12:10.663540Z","level":"info","event":"2026-03-25 17:12:10,597 - TRANSFORM - INFO - Arquivo detectado: data/raw/arrivals/490008660N/arrivals_20260325_171146.json","logger":"airflow.task.operators.airflow.providers.docker.operators.docker.DockerOperator","filename":"docker.py","lineno":71}
{"timestamp":"2026-03-25T17:12:10.664132Z","level":"info","event":"2026-03-25 17:12:10,598 - TRANSFORM - INFO - Arquivo detectado: data/raw/arrivals/490008660N/arrivals_20260325_171148.json","logger":"airflow.task.operators.airflow.providers.docker.operators.docker.DockerOperator","filename":"docker.py","lineno":71}
{"timestamp":"2026-03-25T17:12:10.664411Z","level":"info","event":"2026-03-25 17:12:10,616 - TRANSFORM - INFO - Arquivo detectado: data/raw/arrivals/490013767D/arrivals_20260306_154208.json","logger":"airflow.task.operators.airflow.providers.docker.operators.docker.DockerOperator","filename":"docker.py","lineno":71}
{"timestamp":"2026-03-25T17:12:10.683239Z","level":"info","event":"2026-03-25 17:12:10,618 - TRANSFORM - INFO - Arquivo detectado: data/raw/arrivals/490013767D/arrivals_20260318_195326.json","logger":"airflow.task.operators.airflow.providers.docker.operators.docker.DockerOperator","filename":"docker.py","lineno":71}
{"timestamp":"2026-03-25T17:12:10.683403Z","level":"info","event":"2026-03-25 17:12:10,618 - TRANSFORM - INFO - Arquivo detectado: data/raw/arrivals/490013767D/arrivals_20260318_195423.json","logger":"airflow.task.operators.airflow.providers.docker.operators.docker.DockerOperator","filename":"docker.py","lineno":71}
{"timestamp":"2026-03-25T17:12:10.683461Z","level":"info","event":"2026-03-25 17:12:10,618 - TRANSFORM - INFO - Arquivo detectado: data/raw/arrivals/490013767D/arrivals_20260323_185801.json","logger":"airflow.task.operators.airflow.providers.docker.operators.docker.DockerOperator","filename":"docker.py","lineno":71}
{"timestamp":"2026-03-25T17:12:10.683516Z","level":"info","event":"2026-03-25 17:12:10,618 - TRANSFORM - INFO - Arquivo detectado: data/raw/arrivals/490013767D/arrivals_20260325_171148.json","logger":"airflow.task.operators.airflow.providers.docker.operators.docker.DockerOperator","filename":"docker.py","lineno":71}
{"timestamp":"2026-03-25T17:12:17.415967Z","level":"info","event":"\r[Stage 2:>                                                          (0 + 1) / 1]\r\r                                                                                \r2026-03-25 17:12:17,414 - TRANSFORM - INFO - Leitura concluída com sucesso: data/raw/arrivals","logger":"airflow.task.operators.airflow.providers.docker.operators.docker.DockerOperator","filename":"docker.py","lineno":71}
{"timestamp":"2026-03-25T17:12:17.416358Z","level":"info","event":"2026-03-25 17:12:17,414 - TRANSFORM - INFO - Iniciando transformação: ARRIVALS","logger":"airflow.task.operators.airflow.providers.docker.operators.docker.DockerOperator","filename":"docker.py","lineno":71}
{"timestamp":"2026-03-25T17:12:17.458654Z","level":"info","event":"2026-03-25 17:12:17,456 - TRANSFORM - INFO - Colunas necessárias selecionadas","logger":"airflow.task.operators.airflow.providers.docker.operators.docker.DockerOperator","filename":"docker.py","lineno":71}
{"timestamp":"2026-03-25T17:12:18.717668Z","level":"info","event":"2026-03-25 17:12:18,712 - TRANSFORM - INFO - Estruturas de dimensão e fato criadas","logger":"airflow.task.operators.airflow.providers.docker.operators.docker.DockerOperator","filename":"docker.py","lineno":71}
{"timestamp":"2026-03-25T17:12:18.851297Z","level":"info","event":"2026-03-25 17:12:18,836 - TRANSFORM - INFO - Dados limpos e deduplicados","logger":"airflow.task.operators.airflow.providers.docker.operators.docker.DockerOperator","filename":"docker.py","lineno":71}
{"timestamp":"2026-03-25T17:12:18.909471Z","level":"info","event":"2026-03-25 17:12:18,904 - TRANSFORM - INFO - Cast de tipos aplicado","logger":"airflow.task.operators.airflow.providers.docker.operators.docker.DockerOperator","filename":"docker.py","lineno":71}
{"timestamp":"2026-03-25T17:12:18.909811Z","level":"info","event":"2026-03-25 17:12:18,905 - TRANSFORM - INFO - Dimensão tempo criada","logger":"airflow.task.operators.airflow.providers.docker.operators.docker.DockerOperator","filename":"docker.py","lineno":71}
{"timestamp":"2026-03-25T17:12:18.909925Z","level":"info","event":"2026-03-25 17:12:18,905 - TRANSFORM - INFO - Transformação ARRIVALS finalizada","logger":"airflow.task.operators.airflow.providers.docker.operators.docker.DockerOperator","filename":"docker.py","lineno":71}
{"timestamp":"2026-03-25T17:12:18.910222Z","level":"info","event":"2026-03-25 17:12:18,905 - TRANSFORM - INFO - Pipeline de transformação finalizado com sucesso","logger":"airflow.task.operators.airflow.providers.docker.operators.docker.DockerOperator","filename":"docker.py","lineno":71}
{"timestamp":"2026-03-25T17:12:18.910592Z","level":"info","event":"2026-03-25 17:12:18,906 - LOAD - INFO - Iniciando processo de carga de dados","logger":"airflow.task.operators.airflow.providers.docker.operators.docker.DockerOperator","filename":"docker.py","lineno":71}
{"timestamp":"2026-03-25T17:12:18.944130Z","level":"info","event":"2026-03-25 17:12:18,940 - LOAD - INFO - Iniciando load de arrivals","logger":"airflow.task.operators.airflow.providers.docker.operators.docker.DockerOperator","filename":"docker.py","lineno":71}
{"timestamp":"2026-03-25T17:12:37.031301Z","level":"info","event":"\r[Stage 3:>                                                          (0 + 4) / 4]\r\r[Stage 3:==============>                                            (1 + 3) / 4]\r\r                                                                                \r\r[Stage 9:>                                                          (0 + 1) / 1]\r\r                                                                                \r\r[Stage 10:==============>                                           (1 + 3) / 4]\r\r                                                                                \r\r[Stage 11:==============>                                           (1 + 3) / 4]\r\r                                                                                \r\r[Stage 18:==============>                                           (1 + 3) / 4]\r\r[Stage 20:>                                                         (0 + 1) / 1]\r26/03/25 17:12:37 WARN BasicWriteTaskStatsTracker: Expected 1 files, but only saw 0. This could be due to the output format not writing empty files, or files being not immediately visible in the filesystem.","logger":"airflow.task.operators.airflow.providers.docker.operators.docker.DockerOperator","filename":"docker.py","lineno":71}
{"timestamp":"2026-03-25T17:12:37.108515Z","level":"info","event":"\r                                                                                \r26/03/25 17:12:37 ERROR FileFormatWriter: Aborting job d8f052dc-a10b-450e-9210-94946c041acf.","logger":"airflow.task.operators.airflow.providers.docker.operators.docker.DockerOperator","filename":"docker.py","lineno":71}
{"timestamp":"2026-03-25T17:12:37.108866Z","level":"info","event":"java.io.FileNotFoundException: File file:/app/data/refined/arrivals/dim_vehicle/_temporary/0 does not exist","logger":"airflow.task.operators.airflow.providers.docker.operators.docker.DockerOperator","filename":"docker.py","lineno":71}
{"timestamp":"2026-03-25T17:12:37.109010Z","level":"info","event":"\tat org.apache.hadoop.fs.RawLocalFileSystem.listStatus(RawLocalFileSystem.java:798)","logger":"airflow.task.operators.airflow.providers.docker.operators.docker.DockerOperator","filename":"docker.py","lineno":71}
{"timestamp":"2026-03-25T17:12:37.109104Z","level":"info","event":"\tat org.apache.hadoop.fs.FileSystem.listStatus(FileSystem.java:2078)","logger":"airflow.task.operators.airflow.providers.docker.operators.docker.DockerOperator","filename":"docker.py","lineno":71}
{"timestamp":"2026-03-25T17:12:37.109163Z","level":"info","event":"\tat org.apache.hadoop.fs.FileSystem.listStatus(FileSystem.java:2122)","logger":"airflow.task.operators.airflow.providers.docker.operators.docker.DockerOperator","filename":"docker.py","lineno":71}
{"timestamp":"2026-03-25T17:12:37.109203Z","level":"info","event":"\tat org.apache.hadoop.fs.ChecksumFileSystem.listStatus(ChecksumFileSystem.java:1020)","logger":"airflow.task.operators.airflow.providers.docker.operators.docker.DockerOperator","filename":"docker.py","lineno":71}
{"timestamp":"2026-03-25T17:12:37.109240Z","level":"info","event":"\tat org.apache.hadoop.fs.FileSystem.listStatus(FileSystem.java:2078)","logger":"airflow.task.operators.airflow.providers.docker.operators.docker.DockerOperator","filename":"docker.py","lineno":71}
{"timestamp":"2026-03-25T17:12:37.109277Z","level":"info","event":"\tat org.apache.hadoop.fs.FileSystem.listStatus(FileSystem.java:2122)","logger":"airflow.task.operators.airflow.providers.docker.operators.docker.DockerOperator","filename":"docker.py","lineno":71}
{"timestamp":"2026-03-25T17:12:37.109312Z","level":"info","event":"\tat org.apache.hadoop.mapreduce.lib.output.FileOutputCommitter.getAllCommittedTaskPaths(FileOutputCommitter.java:334)","logger":"airflow.task.operators.airflow.providers.docker.operators.docker.DockerOperator","filename":"docker.py","lineno":71}
{"timestamp":"2026-03-25T17:12:37.109350Z","level":"info","event":"\tat org.apache.hadoop.mapreduce.lib.output.FileOutputCommitter.commitJobInternal(FileOutputCommitter.java:404)","logger":"airflow.task.operators.airflow.providers.docker.operators.docker.DockerOperator","filename":"docker.py","lineno":71}
{"timestamp":"2026-03-25T17:12:37.109388Z","level":"info","event":"\tat org.apache.hadoop.mapreduce.lib.output.FileOutputCommitter.commitJob(FileOutputCommitter.java:377)","logger":"airflow.task.operators.airflow.providers.docker.operators.docker.DockerOperator","filename":"docker.py","lineno":71}
{"timestamp":"2026-03-25T17:12:37.109422Z","level":"info","event":"\tat org.apache.parquet.hadoop.ParquetOutputCommitter.commitJob(ParquetOutputCommitter.java:46)","logger":"airflow.task.operators.airflow.providers.docker.operators.docker.DockerOperator","filename":"docker.py","lineno":71}
{"timestamp":"2026-03-25T17:12:37.109457Z","level":"info","event":"\tat org.apache.spark.internal.io.HadoopMapReduceCommitProtocol.commitJob(HadoopMapReduceCommitProtocol.scala:184)","logger":"airflow.task.operators.airflow.providers.docker.operators.docker.DockerOperator","filename":"docker.py","lineno":71}
{"timestamp":"2026-03-25T17:12:37.110564Z","level":"info","event":"\tat org.apache.spark.sql.execution.datasources.FileFormatWriter$.$anonfun$writeAndCommit$3(FileFormatWriter.scala:275)","logger":"airflow.task.operators.airflow.providers.docker.operators.docker.DockerOperator","filename":"docker.py","lineno":71}
{"timestamp":"2026-03-25T17:12:37.110697Z","level":"info","event":"\tat scala.runtime.java8.JFunction0$mcV$sp.apply(JFunction0$mcV$sp.scala:18)","logger":"airflow.task.operators.airflow.providers.docker.operators.docker.DockerOperator","filename":"docker.py","lineno":71}
{"timestamp":"2026-03-25T17:12:37.111114Z","level":"info","event":"\tat org.apache.spark.util.Utils$.timeTakenMs(Utils.scala:496)","logger":"airflow.task.operators.airflow.providers.docker.operators.docker.DockerOperator","filename":"docker.py","lineno":71}
{"timestamp":"2026-03-25T17:12:37.111298Z","level":"info","event":"\tat org.apache.spark.sql.execution.datasources.FileFormatWriter$.writeAndCommit(FileFormatWriter.scala:275)","logger":"airflow.task.operators.airflow.providers.docker.operators.docker.DockerOperator","filename":"docker.py","lineno":71}
{"timestamp":"2026-03-25T17:12:37.111395Z","level":"info","event":"\tat org.apache.spark.sql.execution.datasources.FileFormatWriter$.executeWrite(FileFormatWriter.scala:306)","logger":"airflow.task.operators.airflow.providers.docker.operators.docker.DockerOperator","filename":"docker.py","lineno":71}
{"timestamp":"2026-03-25T17:12:37.111445Z","level":"info","event":"\tat org.apache.spark.sql.execution.datasources.FileFormatWriter$.write(FileFormatWriter.scala:189)","logger":"airflow.task.operators.airflow.providers.docker.operators.docker.DockerOperator","filename":"docker.py","lineno":71}
{"timestamp":"2026-03-25T17:12:37.111489Z","level":"info","event":"\tat org.apache.spark.sql.execution.datasources.InsertIntoHadoopFsRelationCommand.run(InsertIntoHadoopFsRelationCommand.scala:195)","logger":"airflow.task.operators.airflow.providers.docker.operators.docker.DockerOperator","filename":"docker.py","lineno":71}
{"timestamp":"2026-03-25T17:12:37.111531Z","level":"info","event":"\tat org.apache.spark.sql.execution.command.DataWritingCommandExec.sideEffectResult$lzycompute(commands.scala:117)","logger":"airflow.task.operators.airflow.providers.docker.operators.docker.DockerOperator","filename":"docker.py","lineno":71}
{"timestamp":"2026-03-25T17:12:37.111570Z","level":"info","event":"\tat org.apache.spark.sql.execution.command.DataWritingCommandExec.sideEffectResult(commands.scala:115)","logger":"airflow.task.operators.airflow.providers.docker.operators.docker.DockerOperator","filename":"docker.py","lineno":71}
{"timestamp":"2026-03-25T17:12:37.111611Z","level":"info","event":"\tat org.apache.spark.sql.execution.command.DataWritingCommandExec.executeCollect(commands.scala:129)","logger":"airflow.task.operators.airflow.providers.docker.operators.docker.DockerOperator","filename":"docker.py","lineno":71}
{"timestamp":"2026-03-25T17:12:37.111650Z","level":"info","event":"\tat org.apache.spark.sql.execution.adaptive.AdaptiveSparkPlanExec.$anonfun$executeCollect$1(AdaptiveSparkPlanExec.scala:396)","logger":"airflow.task.operators.airflow.providers.docker.operators.docker.DockerOperator","filename":"docker.py","lineno":71}
{"timestamp":"2026-03-25T17:12:37.111688Z","level":"info","event":"\tat org.apache.spark.sql.execution.adaptive.ResultQueryStageExec.$anonfun$doMaterialize$1(QueryStageExec.scala:328)","logger":"airflow.task.operators.airflow.providers.docker.operators.docker.DockerOperator","filename":"docker.py","lineno":71}
{"timestamp":"2026-03-25T17:12:37.111726Z","level":"info","event":"\tat org.apache.spark.sql.execution.SQLExecution$.$anonfun$withThreadLocalCaptured$4(SQLExecution.scala:335)","logger":"airflow.task.operators.airflow.providers.docker.operators.docker.DockerOperator","filename":"docker.py","lineno":71}
{"timestamp":"2026-03-25T17:12:37.111766Z","level":"info","event":"\tat org.apache.spark.sql.execution.SQLExecution$.withSessionTagsApplied(SQLExecution.scala:285)","logger":"airflow.task.operators.airflow.providers.docker.operators.docker.DockerOperator","filename":"docker.py","lineno":71}
{"timestamp":"2026-03-25T17:12:37.111808Z","level":"info","event":"\tat org.apache.spark.sql.execution.SQLExecution$.$anonfun$withThreadLocalCaptured$3(SQLExecution.scala:333)","logger":"airflow.task.operators.airflow.providers.docker.operators.docker.DockerOperator","filename":"docker.py","lineno":71}
{"timestamp":"2026-03-25T17:12:37.111847Z","level":"info","event":"\tat org.apache.spark.JobArtifactSet$.withActiveJobArtifactState(JobArtifactSet.scala:94)","logger":"airflow.task.operators.airflow.providers.docker.operators.docker.DockerOperator","filename":"docker.py","lineno":71}
{"timestamp":"2026-03-25T17:12:37.111885Z","level":"info","event":"\tat org.apache.spark.sql.execution.SQLExecution$.$anonfun$withThreadLocalCaptured$2(SQLExecution.scala:329)","logger":"airflow.task.operators.airflow.providers.docker.operators.docker.DockerOperator","filename":"docker.py","lineno":71}
{"timestamp":"2026-03-25T17:12:37.111921Z","level":"info","event":"\tat java.base/java.util.concurrent.CompletableFuture$AsyncSupply.run(CompletableFuture.java:1768)","logger":"airflow.task.operators.airflow.providers.docker.operators.docker.DockerOperator","filename":"docker.py","lineno":71}
{"timestamp":"2026-03-25T17:12:37.111957Z","level":"info","event":"\tat java.base/java.util.concurrent.ThreadPoolExecutor.runWorker(ThreadPoolExecutor.java:1136)","logger":"airflow.task.operators.airflow.providers.docker.operators.docker.DockerOperator","filename":"docker.py","lineno":71}
{"timestamp":"2026-03-25T17:12:37.113001Z","level":"info","event":"\tat java.base/java.util.concurrent.ThreadPoolExecutor$Worker.run(ThreadPoolExecutor.java:635)","logger":"airflow.task.operators.airflow.providers.docker.operators.docker.DockerOperator","filename":"docker.py","lineno":71}
{"timestamp":"2026-03-25T17:12:37.113053Z","level":"info","event":"\tat java.base/java.lang.Thread.run(Thread.java:840)","logger":"airflow.task.operators.airflow.providers.docker.operators.docker.DockerOperator","filename":"docker.py","lineno":71}
{"timestamp":"2026-03-25T17:12:37.409258Z","level":"info","event":"Traceback (most recent call last):","logger":"airflow.task.operators.airflow.providers.docker.operators.docker.DockerOperator","filename":"docker.py","lineno":71}
{"timestamp":"2026-03-25T17:12:37.410054Z","level":"info","event":"  File \"<frozen runpy>\", line 198, in _run_module_as_main","logger":"airflow.task.operators.airflow.providers.docker.operators.docker.DockerOperator","filename":"docker.py","lineno":71}
{"timestamp":"2026-03-25T17:12:37.410320Z","level":"info","event":"  File \"<frozen runpy>\", line 88, in _run_code","logger":"airflow.task.operators.airflow.providers.docker.operators.docker.DockerOperator","filename":"docker.py","lineno":71}
{"timestamp":"2026-03-25T17:12:37.410425Z","level":"info","event":"  File \"/app/src/main.py\", line 17, in <module>","logger":"airflow.task.operators.airflow.providers.docker.operators.docker.DockerOperator","filename":"docker.py","lineno":71}
{"timestamp":"2026-03-25T17:12:37.414215Z","level":"info","event":"    run_pipeline()","logger":"airflow.task.operators.airflow.providers.docker.operators.docker.DockerOperator","filename":"docker.py","lineno":71}
{"timestamp":"2026-03-25T17:12:37.416931Z","level":"info","event":"  File \"/app/src/main.py\", line 13, in run_pipeline","logger":"airflow.task.operators.airflow.providers.docker.operators.docker.DockerOperator","filename":"docker.py","lineno":71}
{"timestamp":"2026-03-25T17:12:37.417242Z","level":"info","event":"    run_load(data, spark)","logger":"airflow.task.operators.airflow.providers.docker.operators.docker.DockerOperator","filename":"docker.py","lineno":71}
{"timestamp":"2026-03-25T17:12:37.420146Z","level":"info","event":"  File \"/app/src/load/load.py\", line 87, in run_load","logger":"airflow.task.operators.airflow.providers.docker.operators.docker.DockerOperator","filename":"docker.py","lineno":71}
{"timestamp":"2026-03-25T17:12:37.427689Z","level":"info","event":"    save_data(dfs, nome, names_map[nome], spark)","logger":"airflow.task.operators.airflow.providers.docker.operators.docker.DockerOperator","filename":"docker.py","lineno":71}
{"timestamp":"2026-03-25T17:12:37.428114Z","level":"info","event":"  File \"/app/src/load/load.py\", line 51, in save_data","logger":"airflow.task.operators.airflow.providers.docker.operators.docker.DockerOperator","filename":"docker.py","lineno":71}
{"timestamp":"2026-03-25T17:12:37.432949Z","level":"info","event":"    .parquet(path)","logger":"airflow.task.operators.airflow.providers.docker.operators.docker.DockerOperator","filename":"docker.py","lineno":71}
{"timestamp":"2026-03-25T17:12:37.433688Z","level":"info","event":"     ^^^^^^^^^^^^^","logger":"airflow.task.operators.airflow.providers.docker.operators.docker.DockerOperator","filename":"docker.py","lineno":71}
{"timestamp":"2026-03-25T17:12:37.435599Z","level":"info","event":"  File \"/usr/local/lib/python3.11/site-packages/pyspark/sql/readwriter.py\", line 2003, in parquet","logger":"airflow.task.operators.airflow.providers.docker.operators.docker.DockerOperator","filename":"docker.py","lineno":71}
{"timestamp":"2026-03-25T17:12:37.439619Z","level":"info","event":"    self._jwrite.parquet(path)","logger":"airflow.task.operators.airflow.providers.docker.operators.docker.DockerOperator","filename":"docker.py","lineno":71}
{"timestamp":"2026-03-25T17:12:37.441559Z","level":"info","event":"  File \"/usr/local/lib/python3.11/site-packages/py4j/java_gateway.py\", line 1362, in __call__","logger":"airflow.task.operators.airflow.providers.docker.operators.docker.DockerOperator","filename":"docker.py","lineno":71}
{"timestamp":"2026-03-25T17:12:37.448384Z","level":"info","event":"    return_value = get_return_value(","logger":"airflow.task.operators.airflow.providers.docker.operators.docker.DockerOperator","filename":"docker.py","lineno":71}
{"timestamp":"2026-03-25T17:12:37.448799Z","level":"info","event":"                   ^^^^^^^^^^^^^^^^^","logger":"airflow.task.operators.airflow.providers.docker.operators.docker.DockerOperator","filename":"docker.py","lineno":71}
{"timestamp":"2026-03-25T17:12:37.448990Z","level":"info","event":"  File \"/usr/local/lib/python3.11/site-packages/pyspark/errors/exceptions/captured.py\", line 263, in deco","logger":"airflow.task.operators.airflow.providers.docker.operators.docker.DockerOperator","filename":"docker.py","lineno":71}
{"timestamp":"2026-03-25T17:12:37.453635Z","level":"info","event":"    return f(*a, **kw)","logger":"airflow.task.operators.airflow.providers.docker.operators.docker.DockerOperator","filename":"docker.py","lineno":71}
{"timestamp":"2026-03-25T17:12:37.455478Z","level":"info","event":"           ^^^^^^^^^^^","logger":"airflow.task.operators.airflow.providers.docker.operators.docker.DockerOperator","filename":"docker.py","lineno":71}
{"timestamp":"2026-03-25T17:12:37.458821Z","level":"info","event":"  File \"/usr/local/lib/python3.11/site-packages/py4j/protocol.py\", line 327, in get_return_value","logger":"airflow.task.operators.airflow.providers.docker.operators.docker.DockerOperator","filename":"docker.py","lineno":71}
{"timestamp":"2026-03-25T17:12:37.462108Z","level":"info","event":"    raise Py4JJavaError(","logger":"airflow.task.operators.airflow.providers.docker.operators.docker.DockerOperator","filename":"docker.py","lineno":71}
{"timestamp":"2026-03-25T17:12:37.468409Z","level":"info","event":"py4j.protocol.Py4JJavaError: An error occurred while calling o549.parquet.","logger":"airflow.task.operators.airflow.providers.docker.operators.docker.DockerOperator","filename":"docker.py","lineno":71}
{"timestamp":"2026-03-25T17:12:37.468775Z","level":"info","event":": java.io.FileNotFoundException: File file:/app/data/refined/arrivals/dim_vehicle/_temporary/0 does not exist","logger":"airflow.task.operators.airflow.providers.docker.operators.docker.DockerOperator","filename":"docker.py","lineno":71}
{"timestamp":"2026-03-25T17:12:37.469751Z","level":"info","event":"\tat org.apache.hadoop.fs.RawLocalFileSystem.listStatus(RawLocalFileSystem.java:798)","logger":"airflow.task.operators.airflow.providers.docker.operators.docker.DockerOperator","filename":"docker.py","lineno":71}
{"timestamp":"2026-03-25T17:12:37.470695Z","level":"info","event":"\tat org.apache.hadoop.fs.FileSystem.listStatus(FileSystem.java:2078)","logger":"airflow.task.operators.airflow.providers.docker.operators.docker.DockerOperator","filename":"docker.py","lineno":71}
{"timestamp":"2026-03-25T17:12:37.471707Z","level":"info","event":"\tat org.apache.hadoop.fs.FileSystem.listStatus(FileSystem.java:2122)","logger":"airflow.task.operators.airflow.providers.docker.operators.docker.DockerOperator","filename":"docker.py","lineno":71}
{"timestamp":"2026-03-25T17:12:37.472443Z","level":"info","event":"\tat org.apache.hadoop.fs.ChecksumFileSystem.listStatus(ChecksumFileSystem.java:1020)","logger":"airflow.task.operators.airflow.providers.docker.operators.docker.DockerOperator","filename":"docker.py","lineno":71}
{"timestamp":"2026-03-25T17:12:37.474681Z","level":"info","event":"\tat org.apache.hadoop.fs.FileSystem.listStatus(FileSystem.java:2078)","logger":"airflow.task.operators.airflow.providers.docker.operators.docker.DockerOperator","filename":"docker.py","lineno":71}
{"timestamp":"2026-03-25T17:12:37.474882Z","level":"info","event":"\tat org.apache.hadoop.fs.FileSystem.listStatus(FileSystem.java:2122)","logger":"airflow.task.operators.airflow.providers.docker.operators.docker.DockerOperator","filename":"docker.py","lineno":71}
{"timestamp":"2026-03-25T17:12:37.476017Z","level":"info","event":"\tat org.apache.hadoop.mapreduce.lib.output.FileOutputCommitter.getAllCommittedTaskPaths(FileOutputCommitter.java:334)","logger":"airflow.task.operators.airflow.providers.docker.operators.docker.DockerOperator","filename":"docker.py","lineno":71}
{"timestamp":"2026-03-25T17:12:37.476197Z","level":"info","event":"\tat org.apache.hadoop.mapreduce.lib.output.FileOutputCommitter.commitJobInternal(FileOutputCommitter.java:404)","logger":"airflow.task.operators.airflow.providers.docker.operators.docker.DockerOperator","filename":"docker.py","lineno":71}
{"timestamp":"2026-03-25T17:12:37.476265Z","level":"info","event":"\tat org.apache.hadoop.mapreduce.lib.output.FileOutputCommitter.commitJob(FileOutputCommitter.java:377)","logger":"airflow.task.operators.airflow.providers.docker.operators.docker.DockerOperator","filename":"docker.py","lineno":71}
{"timestamp":"2026-03-25T17:12:37.476357Z","level":"info","event":"\tat org.apache.parquet.hadoop.ParquetOutputCommitter.commitJob(ParquetOutputCommitter.java:46)","logger":"airflow.task.operators.airflow.providers.docker.operators.docker.DockerOperator","filename":"docker.py","lineno":71}
{"timestamp":"2026-03-25T17:12:37.476411Z","level":"info","event":"\tat org.apache.spark.internal.io.HadoopMapReduceCommitProtocol.commitJob(HadoopMapReduceCommitProtocol.scala:184)","logger":"airflow.task.operators.airflow.providers.docker.operators.docker.DockerOperator","filename":"docker.py","lineno":71}
{"timestamp":"2026-03-25T17:12:37.476463Z","level":"info","event":"\tat org.apache.spark.sql.execution.datasources.FileFormatWriter$.$anonfun$writeAndCommit$3(FileFormatWriter.scala:275)","logger":"airflow.task.operators.airflow.providers.docker.operators.docker.DockerOperator","filename":"docker.py","lineno":71}
{"timestamp":"2026-03-25T17:12:37.476514Z","level":"info","event":"\tat scala.runtime.java8.JFunction0$mcV$sp.apply(JFunction0$mcV$sp.scala:18)","logger":"airflow.task.operators.airflow.providers.docker.operators.docker.DockerOperator","filename":"docker.py","lineno":71}
{"timestamp":"2026-03-25T17:12:37.476643Z","level":"info","event":"\tat org.apache.spark.util.Utils$.timeTakenMs(Utils.scala:496)","logger":"airflow.task.operators.airflow.providers.docker.operators.docker.DockerOperator","filename":"docker.py","lineno":71}
{"timestamp":"2026-03-25T17:12:37.476750Z","level":"info","event":"\tat org.apache.spark.sql.execution.datasources.FileFormatWriter$.writeAndCommit(FileFormatWriter.scala:275)","logger":"airflow.task.operators.airflow.providers.docker.operators.docker.DockerOperator","filename":"docker.py","lineno":71}
{"timestamp":"2026-03-25T17:12:37.476835Z","level":"info","event":"\tat org.apache.spark.sql.execution.datasources.FileFormatWriter$.executeWrite(FileFormatWriter.scala:306)","logger":"airflow.task.operators.airflow.providers.docker.operators.docker.DockerOperator","filename":"docker.py","lineno":71}
{"timestamp":"2026-03-25T17:12:37.476920Z","level":"info","event":"\tat org.apache.spark.sql.execution.datasources.FileFormatWriter$.write(FileFormatWriter.scala:189)","logger":"airflow.task.operators.airflow.providers.docker.operators.docker.DockerOperator","filename":"docker.py","lineno":71}
{"timestamp":"2026-03-25T17:12:37.477001Z","level":"info","event":"\tat org.apache.spark.sql.execution.datasources.InsertIntoHadoopFsRelationCommand.run(InsertIntoHadoopFsRelationCommand.scala:195)","logger":"airflow.task.operators.airflow.providers.docker.operators.docker.DockerOperator","filename":"docker.py","lineno":71}
{"timestamp":"2026-03-25T17:12:37.477069Z","level":"info","event":"\tat org.apache.spark.sql.execution.command.DataWritingCommandExec.sideEffectResult$lzycompute(commands.scala:117)","logger":"airflow.task.operators.airflow.providers.docker.operators.docker.DockerOperator","filename":"docker.py","lineno":71}
{"timestamp":"2026-03-25T17:12:37.477185Z","level":"info","event":"\tat org.apache.spark.sql.execution.command.DataWritingCommandExec.sideEffectResult(commands.scala:115)","logger":"airflow.task.operators.airflow.providers.docker.operators.docker.DockerOperator","filename":"docker.py","lineno":71}
{"timestamp":"2026-03-25T17:12:37.477255Z","level":"info","event":"\tat org.apache.spark.sql.execution.command.DataWritingCommandExec.executeCollect(commands.scala:129)","logger":"airflow.task.operators.airflow.providers.docker.operators.docker.DockerOperator","filename":"docker.py","lineno":71}
{"timestamp":"2026-03-25T17:12:37.477309Z","level":"info","event":"\tat org.apache.spark.sql.execution.adaptive.AdaptiveSparkPlanExec.$anonfun$executeCollect$1(AdaptiveSparkPlanExec.scala:396)","logger":"airflow.task.operators.airflow.providers.docker.operators.docker.DockerOperator","filename":"docker.py","lineno":71}
{"timestamp":"2026-03-25T17:12:37.477359Z","level":"info","event":"\tat org.apache.spark.sql.execution.adaptive.ResultQueryStageExec.$anonfun$doMaterialize$1(QueryStageExec.scala:328)","logger":"airflow.task.operators.airflow.providers.docker.operators.docker.DockerOperator","filename":"docker.py","lineno":71}
{"timestamp":"2026-03-25T17:12:37.477434Z","level":"info","event":"\tat org.apache.spark.sql.execution.SQLExecution$.$anonfun$withThreadLocalCaptured$4(SQLExecution.scala:335)","logger":"airflow.task.operators.airflow.providers.docker.operators.docker.DockerOperator","filename":"docker.py","lineno":71}
{"timestamp":"2026-03-25T17:12:37.477487Z","level":"info","event":"\tat org.apache.spark.sql.execution.SQLExecution$.withSessionTagsApplied(SQLExecution.scala:285)","logger":"airflow.task.operators.airflow.providers.docker.operators.docker.DockerOperator","filename":"docker.py","lineno":71}
{"timestamp":"2026-03-25T17:12:37.477733Z","level":"info","event":"\tat org.apache.spark.sql.execution.SQLExecution$.$anonfun$withThreadLocalCaptured$3(SQLExecution.scala:333)","logger":"airflow.task.operators.airflow.providers.docker.operators.docker.DockerOperator","filename":"docker.py","lineno":71}
{"timestamp":"2026-03-25T17:12:37.477821Z","level":"info","event":"\tat org.apache.spark.JobArtifactSet$.withActiveJobArtifactState(JobArtifactSet.scala:94)","logger":"airflow.task.operators.airflow.providers.docker.operators.docker.DockerOperator","filename":"docker.py","lineno":71}
{"timestamp":"2026-03-25T17:12:37.477878Z","level":"info","event":"\tat org.apache.spark.sql.execution.SQLExecution$.$anonfun$withThreadLocalCaptured$2(SQLExecution.scala:329)","logger":"airflow.task.operators.airflow.providers.docker.operators.docker.DockerOperator","filename":"docker.py","lineno":71}
{"timestamp":"2026-03-25T17:12:37.477934Z","level":"info","event":"\tat java.base/java.util.concurrent.CompletableFuture$AsyncSupply.run(CompletableFuture.java:1768)","logger":"airflow.task.operators.airflow.providers.docker.operators.docker.DockerOperator","filename":"docker.py","lineno":71}
{"timestamp":"2026-03-25T17:12:37.477986Z","level":"info","event":"\tat java.base/java.util.concurrent.ThreadPoolExecutor.runWorker(ThreadPoolExecutor.java:1136)","logger":"airflow.task.operators.airflow.providers.docker.operators.docker.DockerOperator","filename":"docker.py","lineno":71}
{"timestamp":"2026-03-25T17:12:37.478041Z","level":"info","event":"\tat java.base/java.util.concurrent.ThreadPoolExecutor$Worker.run(ThreadPoolExecutor.java:635)","logger":"airflow.task.operators.airflow.providers.docker.operators.docker.DockerOperator","filename":"docker.py","lineno":71}
{"timestamp":"2026-03-25T17:12:37.478112Z","level":"info","event":"\tat org.apache.spark.util.Utils$.getTryWithCallerStacktrace(Utils.scala:1453)","logger":"airflow.task.operators.airflow.providers.docker.operators.docker.DockerOperator","filename":"docker.py","lineno":71}
{"timestamp":"2026-03-25T17:12:37.478248Z","level":"info","event":"\tat org.apache.spark.util.LazyTry.get(LazyTry.scala:58)","logger":"airflow.task.operators.airflow.providers.docker.operators.docker.DockerOperator","filename":"docker.py","lineno":71}
{"timestamp":"2026-03-25T17:12:37.480512Z","level":"info","event":"\tat org.apache.spark.sql.execution.QueryExecution.commandExecuted(QueryExecution.scala:160)","logger":"airflow.task.operators.airflow.providers.docker.operators.docker.DockerOperator","filename":"docker.py","lineno":71}
{"timestamp":"2026-03-25T17:12:37.480640Z","level":"info","event":"\tat org.apache.spark.sql.execution.QueryExecution.assertCommandExecuted(QueryExecution.scala:239)","logger":"airflow.task.operators.airflow.providers.docker.operators.docker.DockerOperator","filename":"docker.py","lineno":71}
{"timestamp":"2026-03-25T17:12:37.480772Z","level":"info","event":"\tat org.apache.spark.sql.classic.DataFrameWriter.runCommand(DataFrameWriter.scala:592)","logger":"airflow.task.operators.airflow.providers.docker.operators.docker.DockerOperator","filename":"docker.py","lineno":71}
{"timestamp":"2026-03-25T17:12:37.480901Z","level":"info","event":"\tat org.apache.spark.sql.classic.DataFrameWriter.save(DataFrameWriter.scala:115)","logger":"airflow.task.operators.airflow.providers.docker.operators.docker.DockerOperator","filename":"docker.py","lineno":71}
{"timestamp":"2026-03-25T17:12:37.480997Z","level":"info","event":"\tat org.apache.spark.sql.DataFrameWriter.parquet(DataFrameWriter.scala:369)","logger":"airflow.task.operators.airflow.providers.docker.operators.docker.DockerOperator","filename":"docker.py","lineno":71}
{"timestamp":"2026-03-25T17:12:37.481610Z","level":"info","event":"\tat java.base/jdk.internal.reflect.NativeMethodAccessorImpl.invoke0(Native Method)","logger":"airflow.task.operators.airflow.providers.docker.operators.docker.DockerOperator","filename":"docker.py","lineno":71}
{"timestamp":"2026-03-25T17:12:37.482086Z","level":"info","event":"\tat java.base/jdk.internal.reflect.NativeMethodAccessorImpl.invoke(NativeMethodAccessorImpl.java:77)","logger":"airflow.task.operators.airflow.providers.docker.operators.docker.DockerOperator","filename":"docker.py","lineno":71}
{"timestamp":"2026-03-25T17:12:37.482508Z","level":"info","event":"\tat java.base/jdk.internal.reflect.DelegatingMethodAccessorImpl.invoke(DelegatingMethodAccessorImpl.java:43)","logger":"airflow.task.operators.airflow.providers.docker.operators.docker.DockerOperator","filename":"docker.py","lineno":71}
{"timestamp":"2026-03-25T17:12:37.482781Z","level":"info","event":"\tat java.base/java.lang.reflect.Method.invoke(Method.java:569)","logger":"airflow.task.operators.airflow.providers.docker.operators.docker.DockerOperator","filename":"docker.py","lineno":71}
{"timestamp":"2026-03-25T17:12:37.483087Z","level":"info","event":"\tat py4j.reflection.MethodInvoker.invoke(MethodInvoker.java:244)","logger":"airflow.task.operators.airflow.providers.docker.operators.docker.DockerOperator","filename":"docker.py","lineno":71}
{"timestamp":"2026-03-25T17:12:37.483582Z","level":"info","event":"\tat py4j.reflection.ReflectionEngine.invoke(ReflectionEngine.java:374)","logger":"airflow.task.operators.airflow.providers.docker.operators.docker.DockerOperator","filename":"docker.py","lineno":71}
{"timestamp":"2026-03-25T17:12:37.484030Z","level":"info","event":"\tat py4j.Gateway.invoke(Gateway.java:282)","logger":"airflow.task.operators.airflow.providers.docker.operators.docker.DockerOperator","filename":"docker.py","lineno":71}
{"timestamp":"2026-03-25T17:12:37.484342Z","level":"info","event":"\tat py4j.commands.AbstractCommand.invokeMethod(AbstractCommand.java:132)","logger":"airflow.task.operators.airflow.providers.docker.operators.docker.DockerOperator","filename":"docker.py","lineno":71}
{"timestamp":"2026-03-25T17:12:37.484816Z","level":"info","event":"\tat py4j.commands.CallCommand.execute(CallCommand.java:79)","logger":"airflow.task.operators.airflow.providers.docker.operators.docker.DockerOperator","filename":"docker.py","lineno":71}
{"timestamp":"2026-03-25T17:12:37.485424Z","level":"info","event":"\tat py4j.ClientServerConnection.waitForCommands(ClientServerConnection.java:184)","logger":"airflow.task.operators.airflow.providers.docker.operators.docker.DockerOperator","filename":"docker.py","lineno":71}
{"timestamp":"2026-03-25T17:12:37.485563Z","level":"info","event":"\tat py4j.ClientServerConnection.run(ClientServerConnection.java:108)","logger":"airflow.task.operators.airflow.providers.docker.operators.docker.DockerOperator","filename":"docker.py","lineno":71}
{"timestamp":"2026-03-25T17:12:37.485694Z","level":"info","event":"\tat java.base/java.lang.Thread.run(Thread.java:840)","logger":"airflow.task.operators.airflow.providers.docker.operators.docker.DockerOperator","filename":"docker.py","lineno":71}
{"timestamp":"2026-03-25T17:12:37.485820Z","level":"info","event":"\tSuppressed: org.apache.spark.util.Utils$OriginalTryStackTraceException: Full stacktrace of original doTryWithCallerStacktrace caller","logger":"airflow.task.operators.airflow.providers.docker.operators.docker.DockerOperator","filename":"docker.py","lineno":71}
{"timestamp":"2026-03-25T17:12:37.486787Z","level":"info","event":"\t\tat org.apache.hadoop.fs.RawLocalFileSystem.listStatus(RawLocalFileSystem.java:798)","logger":"airflow.task.operators.airflow.providers.docker.operators.docker.DockerOperator","filename":"docker.py","lineno":71}
{"timestamp":"2026-03-25T17:12:37.487009Z","level":"info","event":"\t\tat org.apache.hadoop.fs.FileSystem.listStatus(FileSystem.java:2078)","logger":"airflow.task.operators.airflow.providers.docker.operators.docker.DockerOperator","filename":"docker.py","lineno":71}
{"timestamp":"2026-03-25T17:12:37.487132Z","level":"info","event":"\t\tat org.apache.hadoop.fs.FileSystem.listStatus(FileSystem.java:2122)","logger":"airflow.task.operators.airflow.providers.docker.operators.docker.DockerOperator","filename":"docker.py","lineno":71}
{"timestamp":"2026-03-25T17:12:37.487227Z","level":"info","event":"\t\tat org.apache.hadoop.fs.ChecksumFileSystem.listStatus(ChecksumFileSystem.java:1020)","logger":"airflow.task.operators.airflow.providers.docker.operators.docker.DockerOperator","filename":"docker.py","lineno":71}
{"timestamp":"2026-03-25T17:12:37.487363Z","level":"info","event":"\t\tat org.apache.hadoop.fs.FileSystem.listStatus(FileSystem.java:2078)","logger":"airflow.task.operators.airflow.providers.docker.operators.docker.DockerOperator","filename":"docker.py","lineno":71}
{"timestamp":"2026-03-25T17:12:37.487472Z","level":"info","event":"\t\tat org.apache.hadoop.fs.FileSystem.listStatus(FileSystem.java:2122)","logger":"airflow.task.operators.airflow.providers.docker.operators.docker.DockerOperator","filename":"docker.py","lineno":71}
{"timestamp":"2026-03-25T17:12:37.487568Z","level":"info","event":"\t\tat org.apache.hadoop.mapreduce.lib.output.FileOutputCommitter.getAllCommittedTaskPaths(FileOutputCommitter.java:334)","logger":"airflow.task.operators.airflow.providers.docker.operators.docker.DockerOperator","filename":"docker.py","lineno":71}
{"timestamp":"2026-03-25T17:12:37.487663Z","level":"info","event":"\t\tat org.apache.hadoop.mapreduce.lib.output.FileOutputCommitter.commitJobInternal(FileOutputCommitter.java:404)","logger":"airflow.task.operators.airflow.providers.docker.operators.docker.DockerOperator","filename":"docker.py","lineno":71}
{"timestamp":"2026-03-25T17:12:37.487751Z","level":"info","event":"\t\tat org.apache.hadoop.mapreduce.lib.output.FileOutputCommitter.commitJob(FileOutputCommitter.java:377)","logger":"airflow.task.operators.airflow.providers.docker.operators.docker.DockerOperator","filename":"docker.py","lineno":71}
{"timestamp":"2026-03-25T17:12:37.487847Z","level":"info","event":"\t\tat org.apache.parquet.hadoop.ParquetOutputCommitter.commitJob(ParquetOutputCommitter.java:46)","logger":"airflow.task.operators.airflow.providers.docker.operators.docker.DockerOperator","filename":"docker.py","lineno":71}
{"timestamp":"2026-03-25T17:12:37.487933Z","level":"info","event":"\t\tat org.apache.spark.internal.io.HadoopMapReduceCommitProtocol.commitJob(HadoopMapReduceCommitProtocol.scala:184)","logger":"airflow.task.operators.airflow.providers.docker.operators.docker.DockerOperator","filename":"docker.py","lineno":71}
{"timestamp":"2026-03-25T17:12:37.489729Z","level":"info","event":"\t\tat org.apache.spark.sql.execution.datasources.FileFormatWriter$.$anonfun$writeAndCommit$3(FileFormatWriter.scala:275)","logger":"airflow.task.operators.airflow.providers.docker.operators.docker.DockerOperator","filename":"docker.py","lineno":71}
{"timestamp":"2026-03-25T17:12:37.490066Z","level":"info","event":"\t\tat scala.runtime.java8.JFunction0$mcV$sp.apply(JFunction0$mcV$sp.scala:18)","logger":"airflow.task.operators.airflow.providers.docker.operators.docker.DockerOperator","filename":"docker.py","lineno":71}
{"timestamp":"2026-03-25T17:12:37.490145Z","level":"info","event":"\t\tat org.apache.spark.util.Utils$.timeTakenMs(Utils.scala:496)","logger":"airflow.task.operators.airflow.providers.docker.operators.docker.DockerOperator","filename":"docker.py","lineno":71}
{"timestamp":"2026-03-25T17:12:37.490219Z","level":"info","event":"\t\tat org.apache.spark.sql.execution.datasources.FileFormatWriter$.writeAndCommit(FileFormatWriter.scala:275)","logger":"airflow.task.operators.airflow.providers.docker.operators.docker.DockerOperator","filename":"docker.py","lineno":71}
{"timestamp":"2026-03-25T17:12:37.490300Z","level":"info","event":"\t\tat org.apache.spark.sql.execution.datasources.FileFormatWriter$.executeWrite(FileFormatWriter.scala:306)","logger":"airflow.task.operators.airflow.providers.docker.operators.docker.DockerOperator","filename":"docker.py","lineno":71}
{"timestamp":"2026-03-25T17:12:37.490356Z","level":"info","event":"\t\tat org.apache.spark.sql.execution.datasources.FileFormatWriter$.write(FileFormatWriter.scala:189)","logger":"airflow.task.operators.airflow.providers.docker.operators.docker.DockerOperator","filename":"docker.py","lineno":71}
{"timestamp":"2026-03-25T17:12:37.490407Z","level":"info","event":"\t\tat org.apache.spark.sql.execution.datasources.InsertIntoHadoopFsRelationCommand.run(InsertIntoHadoopFsRelationCommand.scala:195)","logger":"airflow.task.operators.airflow.providers.docker.operators.docker.DockerOperator","filename":"docker.py","lineno":71}
{"timestamp":"2026-03-25T17:12:37.490450Z","level":"info","event":"\t\tat org.apache.spark.sql.execution.command.DataWritingCommandExec.sideEffectResult$lzycompute(commands.scala:117)","logger":"airflow.task.operators.airflow.providers.docker.operators.docker.DockerOperator","filename":"docker.py","lineno":71}
{"timestamp":"2026-03-25T17:12:37.490576Z","level":"info","event":"\t\tat org.apache.spark.sql.execution.command.DataWritingCommandExec.sideEffectResult(commands.scala:115)","logger":"airflow.task.operators.airflow.providers.docker.operators.docker.DockerOperator","filename":"docker.py","lineno":71}
{"timestamp":"2026-03-25T17:12:37.490653Z","level":"info","event":"\t\tat org.apache.spark.sql.execution.command.DataWritingCommandExec.executeCollect(commands.scala:129)","logger":"airflow.task.operators.airflow.providers.docker.operators.docker.DockerOperator","filename":"docker.py","lineno":71}
{"timestamp":"2026-03-25T17:12:37.490713Z","level":"info","event":"\t\tat org.apache.spark.sql.execution.adaptive.AdaptiveSparkPlanExec.$anonfun$executeCollect$1(AdaptiveSparkPlanExec.scala:396)","logger":"airflow.task.operators.airflow.providers.docker.operators.docker.DockerOperator","filename":"docker.py","lineno":71}
{"timestamp":"2026-03-25T17:12:37.490769Z","level":"info","event":"\t\tat org.apache.spark.sql.execution.adaptive.ResultQueryStageExec.$anonfun$doMaterialize$1(QueryStageExec.scala:328)","logger":"airflow.task.operators.airflow.providers.docker.operators.docker.DockerOperator","filename":"docker.py","lineno":71}
{"timestamp":"2026-03-25T17:12:37.490824Z","level":"info","event":"\t\tat org.apache.spark.sql.execution.SQLExecution$.$anonfun$withThreadLocalCaptured$4(SQLExecution.scala:335)","logger":"airflow.task.operators.airflow.providers.docker.operators.docker.DockerOperator","filename":"docker.py","lineno":71}
{"timestamp":"2026-03-25T17:12:37.490878Z","level":"info","event":"\t\tat org.apache.spark.sql.execution.SQLExecution$.withSessionTagsApplied(SQLExecution.scala:285)","logger":"airflow.task.operators.airflow.providers.docker.operators.docker.DockerOperator","filename":"docker.py","lineno":71}
{"timestamp":"2026-03-25T17:12:37.490921Z","level":"info","event":"\t\tat org.apache.spark.sql.execution.SQLExecution$.$anonfun$withThreadLocalCaptured$3(SQLExecution.scala:333)","logger":"airflow.task.operators.airflow.providers.docker.operators.docker.DockerOperator","filename":"docker.py","lineno":71}
{"timestamp":"2026-03-25T17:12:37.490972Z","level":"info","event":"\t\tat org.apache.spark.JobArtifactSet$.withActiveJobArtifactState(JobArtifactSet.scala:94)","logger":"airflow.task.operators.airflow.providers.docker.operators.docker.DockerOperator","filename":"docker.py","lineno":71}
{"timestamp":"2026-03-25T17:12:37.491076Z","level":"info","event":"\t\tat org.apache.spark.sql.execution.SQLExecution$.$anonfun$withThreadLocalCaptured$2(SQLExecution.scala:329)","logger":"airflow.task.operators.airflow.providers.docker.operators.docker.DockerOperator","filename":"docker.py","lineno":71}
{"timestamp":"2026-03-25T17:12:37.491163Z","level":"info","event":"\t\tat java.base/java.util.concurrent.CompletableFuture$AsyncSupply.run(CompletableFuture.java:1768)","logger":"airflow.task.operators.airflow.providers.docker.operators.docker.DockerOperator","filename":"docker.py","lineno":71}
{"timestamp":"2026-03-25T17:12:37.491224Z","level":"info","event":"\t\tat java.base/java.util.concurrent.ThreadPoolExecutor.runWorker(ThreadPoolExecutor.java:1136)","logger":"airflow.task.operators.airflow.providers.docker.operators.docker.DockerOperator","filename":"docker.py","lineno":71}
{"timestamp":"2026-03-25T17:12:37.491286Z","level":"info","event":"\t\tat java.base/java.util.concurrent.ThreadPoolExecutor$Worker.run(ThreadPoolExecutor.java:635)","logger":"airflow.task.operators.airflow.providers.docker.operators.docker.DockerOperator","filename":"docker.py","lineno":71}
{"timestamp":"2026-03-25T17:12:37.491340Z","level":"info","event":"\t\t... 1 more","logger":"airflow.task.operators.airflow.providers.docker.operators.docker.DockerOperator","filename":"docker.py","lineno":71}
{"timestamp":"2026-03-25T17:12:37.492974Z","level":"info","event":"","logger":"airflow.task.operators.airflow.providers.docker.operators.docker.DockerOperator","filename":"docker.py","lineno":71}
{"timestamp":"2026-03-25T17:12:37.493217Z","level":"info","event":"2026-03-25 17:12:37,478 - py4j.clientserver - INFO - Closing down clientserver connection","logger":"airflow.task.operators.airflow.providers.docker.operators.docker.DockerOperator","filename":"docker.py","lineno":71}
{"timestamp":"2026-03-25T17:12:46.571506Z","level":"error","event":"Task failed with exception","logger":"task","filename":"task_runner.py","lineno":1164,"error_detail":[{"exc_type":"DockerContainerFailedException","exc_value":"Docker container failed: {'StatusCode': 1}","exc_notes":[],"syntax_error":null,"is_cause":false,"frames":[{"filename":"/home/airflow/.local/lib/python3.12/site-packages/airflow/sdk/execution_time/task_runner.py","lineno":1112,"name":"run"},{"filename":"/home/airflow/.local/lib/python3.12/site-packages/airflow/sdk/execution_time/task_runner.py","lineno":1528,"name":"_execute_task"},{"filename":"/home/airflow/.local/lib/python3.12/site-packages/airflow/sdk/bases/operator.py","lineno":417,"name":"wrapper"},{"filename":"/home/airflow/.local/lib/python3.12/site-packages/airflow/providers/docker/operators/docker.py","lineno":507,"name":"execute"},{"filename":"/home/airflow/.local/lib/python3.12/site-packages/airflow/providers/docker/operators/docker.py","lineno":381,"name":"_run_image"},{"filename":"/home/airflow/.local/lib/python3.12/site-packages/airflow/providers/docker/operators/docker.py","lineno":442,"name":"_run_image_with_mounts"}],"is_group":false,"exceptions":[]},{"exc_type":"APIError","exc_value":"400 Client Error for http+docker://localhost/v1.53/containers/create: Bad Request (\"invalid mount config for type \"bind\": bind source path does not exist: /tmp/airflowtmphj31eein\")","exc_notes":[],"syntax_error":null,"is_cause":false,"frames":[{"filename":"/home/airflow/.local/lib/python3.12/site-packages/airflow/providers/docker/operators/docker.py","lineno":372,"name":"_run_image"},{"filename":"/home/airflow/.local/lib/python3.12/site-packages/airflow/providers/docker/operators/docker.py","lineno":399,"name":"_run_image_with_mounts"},{"filename":"/home/airflow/.local/lib/python3.12/site-packages/docker/api/container.py","lineno":440,"name":"create_container"},{"filename":"/home/airflow/.local/lib/python3.12/site-packages/docker/api/container.py","lineno":457,"name":"create_container_from_config"},{"filename":"/home/airflow/.local/lib/python3.12/site-packages/docker/api/client.py","lineno":281,"name":"_result"},{"filename":"/home/airflow/.local/lib/python3.12/site-packages/docker/api/client.py","lineno":277,"name":"_raise_for_status"},{"filename":"/home/airflow/.local/lib/python3.12/site-packages/docker/errors.py","lineno":39,"name":"create_api_error_from_http_exception"}],"is_group":false,"exceptions":[]},{"exc_type":"HTTPError","exc_value":"400 Client Error: Bad Request for url: http+docker://localhost/v1.53/containers/create","exc_notes":[],"syntax_error":null,"is_cause":true,"frames":[{"filename":"/home/airflow/.local/lib/python3.12/site-packages/docker/api/client.py","lineno":275,"name":"_raise_for_status"},{"filename":"/home/airflow/.local/lib/python3.12/site-packages/requests/models.py","lineno":1026,"name":"raise_for_status"}],"is_group":false,"exceptions":[]}]}
{"timestamp":"2026-03-25T17:12:48.125237Z","level":"info","event":"Task instance in failure state","logger":"task.stdout"}
{"timestamp":"2026-03-25T17:12:48.885729Z","level":"info","event":"Task start","logger":"task.stdout"}
{"timestamp":"2026-03-25T17:12:48.887086Z","level":"info","event":"Task:<Task(DockerOperator): run_pipeline>","logger":"task.stdout"}
{"timestamp":"2026-03-25T17:12:48.887520Z","level":"info","event":"Failure caused by Docker container failed: {'StatusCode': 1}","logger":"task.stdout"}
